[2020-04-12 19:50:32,315] - logger.py] - INFO: ------登录成功用例：start!---------
[2020-04-12 19:50:32,316] - logger.py] - INFO: 输入正确账号：这里是抓包后获取的博客园的加密账号
[2020-04-12 19:50:32,316] - logger.py] - INFO: 输入正确密码：这里是抓包后获取的博客园的加密密码
[2020-04-12 19:50:32,773] - logger.py] - INFO: 博客园登录结果：{"success":false}
[2020-04-12 19:50:32,775] - logger.py] - INFO: 获取测试结果：{u'success': False}
[2020-04-12 19:50:32,776] - logger.py] - INFO: ------登录失败用例：start!---------
[2020-04-12 19:50:32,776] - logger.py] - INFO: 输入正确账号：这里是抓包后获取的博客园的加密账号
[2020-04-12 19:50:32,779] - logger.py] - INFO: 输入错误密码：这里是抓包后获取的博客园的加密账号
[2020-04-12 19:50:32,921] - logger.py] - INFO: 博客园登录结果：{"success":false}
[2020-04-12 19:50:32,921] - logger.py] - INFO: 获取测试结果：{u'success': False}
[2020-04-12 19:50:32,923] - logger.py] - INFO: ------pass!---------
[2020-04-12 19:50:32,924] - logger.py] - INFO: ----------start!-------
[2020-04-12 19:50:32,924] - logger.py] - INFO: 测试单号：560697415000  快递名称：天天快递
[2020-04-12 19:50:32,924] - logger.py] - INFO: 测试url地址：http://www.kuaidi.com/index-ajaxselectcourierinfo-560697415000-tiantian.html
[2020-04-12 19:50:33,033] - logger.py] - INFO: 获取请求结果：{u'status': 0, u'exceed': u'', u'ico': u'', u'success': False, u'url': u'', u'company': None, u'timeused': u'--', u'rank': u'2.8', u'phone': u'', u'reason': u'\u5feb\u9012\u516c\u53f8\u53c2\u6570\u5f02\u5e38\uff1a\u5355\u53f7\u4e0d\u5b58\u5728\u6216\u8005\u5df2\u7ecf\u8fc7\u671f', u'time': u'', u'data': u'', u'nu': u'560697415000', u'companytype': u'tiantian'}
[2020-04-12 19:50:33,035] - logger.py] - INFO: 获取公司名称：None
[2020-04-12 19:50:33,036] - logger.py] - INFO: 获取data内容：
[2020-04-12 19:50:33,036] - logger.py] - INFO: ----------start!-------
[2020-04-12 19:50:33,038] - logger.py] - INFO: 测试单号：1202247993797  快递名称：韵达快递
[2020-04-12 19:50:33,039] - logger.py] - INFO: 测试url地址：http://www.kuaidi.com/index-ajaxselectcourierinfo-1202247993797-yunda.html
[2020-04-12 19:50:33,142] - logger.py] - INFO: 获取请求结果：{u'status': 0, u'exceed': u'', u'ico': u'', u'success': False, u'url': u'', u'company': None, u'timeused': u'--', u'rank': u'2.8', u'phone': u'', u'reason': u'\u5feb\u9012\u516c\u53f8\u53c2\u6570\u5f02\u5e38\uff1a\u5355\u53f7\u4e0d\u5b58\u5728\u6216\u8005\u5df2\u7ecf\u8fc7\u671f', u'time': u'', u'data': u'', u'nu': u'1202247993797', u'companytype': u'yunda'}
[2020-04-12 19:50:33,144] - logger.py] - INFO: 获取公司名称：None
[2020-04-12 19:50:33,144] - logger.py] - INFO: 获取data内容：
[2020-04-12 19:50:33,145] - logger.py] - INFO: ------start!--------
[2020-04-12 19:50:33,147] - logger.py] - INFO: 第一步：登录
[2020-04-12 19:50:33,296] - logger.py] - INFO: 调用登录方法，获取结果：{"success":false,"message":"验证码缓存已失效"}
[2020-04-12 19:50:33,299] - logger.py] - INFO: 第二步：保存
[2020-04-12 19:50:33,845] - logger.py] - INFO: 调用保存草稿箱方法，获取结果：<Response [200]>
[2020-04-12 19:50:33,846] - logger.py] - INFO: 正则提取postid，获取结果：[]
[2020-04-12 19:50:33,848] - logger.py] - INFO: ------start!--------
[2020-04-12 19:50:33,996] - logger.py] - INFO: 调用登录方法，获取结果：{"success":false,"message":"验证码缓存已失效"}
[2020-04-12 19:50:33,996] - logger.py] - INFO: 调用登录结果：{u'message': u'\u9a8c\u8bc1\u7801\u7f13\u5b58\u5df2\u5931\u6548', u'success': False}
[2020-04-12 19:50:33,997] - logger.py] - INFO: 获取是否登录成功：False
[2020-04-12 19:59:55,970] - logger.py] - INFO: ------登录成功用例：start!---------
[2020-04-12 19:59:55,970] - logger.py] - INFO: 输入正确账号：这里是抓包后获取的博客园的加密账号
[2020-04-12 19:59:55,970] - logger.py] - INFO: 输入正确密码：这里是抓包后获取的博客园的加密密码
[2020-04-12 19:59:56,454] - logger.py] - INFO: 博客园登录结果：{"success":false}
[2020-04-12 19:59:56,456] - logger.py] - INFO: 获取测试结果：{u'success': False}
[2020-04-12 19:59:56,457] - logger.py] - INFO: ------登录失败用例：start!---------
[2020-04-12 19:59:56,457] - logger.py] - INFO: 输入正确账号：这里是抓包后获取的博客园的加密账号
[2020-04-12 19:59:56,457] - logger.py] - INFO: 输入错误密码：这里是抓包后获取的博客园的加密账号
[2020-04-12 19:59:56,648] - logger.py] - INFO: 博客园登录结果：{"success":false}
[2020-04-12 19:59:56,648] - logger.py] - INFO: 获取测试结果：{u'success': False}
[2020-04-12 19:59:56,650] - logger.py] - INFO: ------pass!---------
[2020-04-12 19:59:56,651] - logger.py] - INFO: ----------start!-------
[2020-04-12 19:59:56,651] - logger.py] - INFO: 测试单号：560697415000  快递名称：天天快递
[2020-04-12 19:59:56,651] - logger.py] - INFO: 测试url地址：http://www.kuaidi.com/index-ajaxselectcourierinfo-560697415000-tiantian.html
[2020-04-12 19:59:56,756] - logger.py] - INFO: 获取请求结果：{u'status': 0, u'exceed': u'', u'ico': u'', u'success': False, u'url': u'', u'company': None, u'timeused': u'--', u'rank': u'2.8', u'phone': u'', u'reason': u'\u5feb\u9012\u516c\u53f8\u53c2\u6570\u5f02\u5e38\uff1a\u5355\u53f7\u4e0d\u5b58\u5728\u6216\u8005\u5df2\u7ecf\u8fc7\u671f', u'time': u'', u'data': u'', u'nu': u'560697415000', u'companytype': u'tiantian'}
[2020-04-12 19:59:56,756] - logger.py] - INFO: 获取公司名称：None
[2020-04-12 19:59:56,757] - logger.py] - INFO: 获取data内容：
[2020-04-12 19:59:56,759] - logger.py] - INFO: ----------start!-------
[2020-04-12 19:59:56,759] - logger.py] - INFO: 测试单号：1202247993797  快递名称：韵达快递
[2020-04-12 19:59:56,760] - logger.py] - INFO: 测试url地址：http://www.kuaidi.com/index-ajaxselectcourierinfo-1202247993797-yunda.html
[2020-04-12 19:59:56,877] - logger.py] - INFO: 获取请求结果：{u'status': 0, u'exceed': u'', u'ico': u'', u'success': False, u'url': u'', u'company': None, u'timeused': u'--', u'rank': u'2.8', u'phone': u'', u'reason': u'\u5feb\u9012\u516c\u53f8\u53c2\u6570\u5f02\u5e38\uff1a\u5355\u53f7\u4e0d\u5b58\u5728\u6216\u8005\u5df2\u7ecf\u8fc7\u671f', u'time': u'', u'data': u'', u'nu': u'1202247993797', u'companytype': u'yunda'}
[2020-04-12 19:59:56,878] - logger.py] - INFO: 获取公司名称：None
[2020-04-12 19:59:56,878] - logger.py] - INFO: 获取data内容：
[2020-04-12 19:59:56,880] - logger.py] - INFO: ------start!--------
[2020-04-12 19:59:56,881] - logger.py] - INFO: 第一步：登录
[2020-04-12 19:59:57,051] - logger.py] - INFO: 调用登录方法，获取结果：{"success":false,"message":"验证码缓存已失效"}
[2020-04-12 19:59:57,052] - logger.py] - INFO: 第二步：保存
[2020-04-12 19:59:57,599] - logger.py] - INFO: 调用保存草稿箱方法，获取结果：<Response [200]>
[2020-04-12 19:59:57,601] - logger.py] - INFO: 正则提取postid，获取结果：[]
[2020-04-12 19:59:57,601] - logger.py] - INFO: ------start!--------
[2020-04-12 19:59:57,765] - logger.py] - INFO: 调用登录方法，获取结果：{"success":false,"message":"验证码缓存已失效"}
[2020-04-12 19:59:57,766] - logger.py] - INFO: 调用登录结果：{u'message': u'\u9a8c\u8bc1\u7801\u7f13\u5b58\u5df2\u5931\u6548', u'success': False}
[2020-04-12 19:59:57,766] - logger.py] - INFO: 获取是否登录成功：False
